<?xml version="1.0" encoding="UTF-8"?>
<testng-results skipped="0" failed="1" total="4" passed="3">
  <reporter-output>
  </reporter-output>
  <suite name="Suite" duration-ms="64229" started-at="2020-09-09T07:13:07Z" finished-at="2020-09-09T07:14:11Z">
    <groups>
    </groups>
    <test name="Test" duration-ms="64229" started-at="2020-09-09T07:13:07Z" finished-at="2020-09-09T07:14:11Z">
      <class name="testScenarios.HappyEndToEndScenariosTest">
        <test-method status="PASS" signature="setUpSuite()[pri:0, instance:testScenarios.HappyEndToEndScenariosTest@43a25848]" name="setUpSuite" is-config="true" duration-ms="398" started-at="2020-09-09T10:13:06Z" finished-at="2020-09-09T10:13:07Z">
          <reporter-output>
          </reporter-output>
        </test-method> <!-- setUpSuite -->
        <test-method status="PASS" signature="loadWebsite()[pri:0, instance:testScenarios.HappyEndToEndScenariosTest@43a25848]" name="loadWebsite" is-config="true" duration-ms="7297" started-at="2020-09-09T10:13:07Z" finished-at="2020-09-09T10:13:14Z">
          <reporter-output>
          </reporter-output>
        </test-method> <!-- loadWebsite -->
        <test-method status="PASS" signature="registerUser()[pri:1, instance:testScenarios.HappyEndToEndScenariosTest@43a25848]" name="registerUser" duration-ms="9931" started-at="2020-09-09T10:13:14Z" finished-at="2020-09-09T10:13:24Z">
          <reporter-output>
          </reporter-output>
        </test-method> <!-- registerUser -->
        <test-method status="PASS" signature="endTest(org.testng.ITestResult)[pri:0, instance:testScenarios.HappyEndToEndScenariosTest@43a25848]" name="endTest" is-config="true" duration-ms="1493" started-at="2020-09-09T10:13:24Z" finished-at="2020-09-09T10:13:26Z">
          <params>
            <param index="0">
              <value>
                <![CDATA[[TestResult name=registerUser status=SUCCESS method=HappyEndToEndScenariosTest.registerUser()[pri:1, instance:testScenarios.HappyEndToEndScenariosTest@43a25848] output={null}]]]>
              </value>
            </param>
          </params>
          <reporter-output>
          </reporter-output>
        </test-method> <!-- endTest -->
        <test-method status="PASS" signature="loadWebsite()[pri:0, instance:testScenarios.HappyEndToEndScenariosTest@43a25848]" name="loadWebsite" is-config="true" duration-ms="6075" started-at="2020-09-09T10:13:26Z" finished-at="2020-09-09T10:13:32Z">
          <reporter-output>
          </reporter-output>
        </test-method> <!-- loadWebsite -->
        <test-method status="FAIL" signature="loginTest()[pri:2, instance:testScenarios.HappyEndToEndScenariosTest@43a25848]" name="loginTest" duration-ms="10417" started-at="2020-09-09T10:13:32Z" finished-at="2020-09-09T10:13:42Z">
          <exception class="org.openqa.selenium.NoSuchElementException">
            <message>
              <![CDATA[no such element: Unable to locate element: {"method":"css selector","selector":"#user1"}
  (Session info: chrome=85.0.4183.83)
For documentation on this error, please visit: https://www.seleniumhq.org/exceptions/no_such_element.html
Build info: version: '3.141.59', revision: 'e82be7d358', time: '2018-11-14T08:25:48'
System info: host: 'DESKTOP-6HLUR35', ip: '192.168.100.8', os.name: 'Windows 10', os.arch: 'amd64', os.version: '10.0', java.version: '1.8.0_221'
Driver info: org.openqa.selenium.chrome.ChromeDriver
Capabilities {acceptInsecureCerts: false, browserName: chrome, browserVersion: 85.0.4183.83, chrome: {chromedriverVersion: 85.0.4183.87 (cd6713ebf92fa..., userDataDir: C:\Users\hp\AppData\Local\T...}, goog:chromeOptions: {debuggerAddress: localhost:52393}, javascriptEnabled: true, networkConnectionEnabled: false, pageLoadStrategy: normal, platform: WINDOWS, platformName: WINDOWS, proxy: Proxy(), setWindowRect: true, strictFileInteractability: false, timeouts: {implicit: 0, pageLoad: 300000, script: 30000}, unhandledPromptBehavior: dismiss and notify, webauthn:virtualAuthenticators: true}
Session ID: e2a2233860d49b71c96f222a30e5e91a
*** Element info: {Using=id, value=user1}]]>
            </message>
            <full-stacktrace>
              <![CDATA[org.openqa.selenium.NoSuchElementException: no such element: Unable to locate element: {"method":"css selector","selector":"#user1"}
  (Session info: chrome=85.0.4183.83)
For documentation on this error, please visit: https://www.seleniumhq.org/exceptions/no_such_element.html
Build info: version: '3.141.59', revision: 'e82be7d358', time: '2018-11-14T08:25:48'
System info: host: 'DESKTOP-6HLUR35', ip: '192.168.100.8', os.name: 'Windows 10', os.arch: 'amd64', os.version: '10.0', java.version: '1.8.0_221'
Driver info: org.openqa.selenium.chrome.ChromeDriver
Capabilities {acceptInsecureCerts: false, browserName: chrome, browserVersion: 85.0.4183.83, chrome: {chromedriverVersion: 85.0.4183.87 (cd6713ebf92fa..., userDataDir: C:\Users\hp\AppData\Local\T...}, goog:chromeOptions: {debuggerAddress: localhost:52393}, javascriptEnabled: true, networkConnectionEnabled: false, pageLoadStrategy: normal, platform: WINDOWS, platformName: WINDOWS, proxy: Proxy(), setWindowRect: true, strictFileInteractability: false, timeouts: {implicit: 0, pageLoad: 300000, script: 30000}, unhandledPromptBehavior: dismiss and notify, webauthn:virtualAuthenticators: true}
Session ID: e2a2233860d49b71c96f222a30e5e91a
*** Element info: {Using=id, value=user1}
	at sun.reflect.NativeConstructorAccessorImpl.newInstance0(Native Method)
	at sun.reflect.NativeConstructorAccessorImpl.newInstance(Unknown Source)
	at sun.reflect.DelegatingConstructorAccessorImpl.newInstance(Unknown Source)
	at java.lang.reflect.Constructor.newInstance(Unknown Source)
	at org.openqa.selenium.remote.http.W3CHttpResponseCodec.createException(W3CHttpResponseCodec.java:187)
	at org.openqa.selenium.remote.http.W3CHttpResponseCodec.decode(W3CHttpResponseCodec.java:122)
	at org.openqa.selenium.remote.http.W3CHttpResponseCodec.decode(W3CHttpResponseCodec.java:49)
	at org.openqa.selenium.remote.HttpCommandExecutor.execute(HttpCommandExecutor.java:158)
	at org.openqa.selenium.remote.service.DriverCommandExecutor.execute(DriverCommandExecutor.java:83)
	at org.openqa.selenium.remote.RemoteWebDriver.execute(RemoteWebDriver.java:552)
	at org.openqa.selenium.remote.RemoteWebDriver.findElement(RemoteWebDriver.java:323)
	at org.openqa.selenium.remote.RemoteWebDriver.findElementById(RemoteWebDriver.java:372)
	at org.openqa.selenium.By$ById.findElement(By.java:188)
	at org.openqa.selenium.remote.RemoteWebDriver.findElement(RemoteWebDriver.java:315)
	at pageObjects.HomePage.checkIsUserLogged(HomePage.java:40)
	at testScenarios.HappyEndToEndScenariosTest.loginTest(HappyEndToEndScenariosTest.java:45)
	at sun.reflect.NativeMethodAccessorImpl.invoke0(Native Method)
	at sun.reflect.NativeMethodAccessorImpl.invoke(Unknown Source)
	at sun.reflect.DelegatingMethodAccessorImpl.invoke(Unknown Source)
	at java.lang.reflect.Method.invoke(Unknown Source)
	at org.testng.internal.MethodInvocationHelper.invokeMethod(MethodInvocationHelper.java:86)
	at org.testng.internal.Invoker.invokeMethod(Invoker.java:645)
	at org.testng.internal.Invoker.invokeTestMethod(Invoker.java:822)
	at org.testng.internal.Invoker.invokeTestMethods(Invoker.java:1130)
	at org.testng.internal.TestMethodWorker.invokeTestMethods(TestMethodWorker.java:129)
	at org.testng.internal.TestMethodWorker.run(TestMethodWorker.java:112)
	at org.testng.TestRunner.privateRun(TestRunner.java:782)
	at org.testng.TestRunner.run(TestRunner.java:632)
	at org.testng.SuiteRunner.runTest(SuiteRunner.java:366)
	at org.testng.SuiteRunner.runSequentially(SuiteRunner.java:361)
	at org.testng.SuiteRunner.privateRun(SuiteRunner.java:319)
	at org.testng.SuiteRunner.run(SuiteRunner.java:268)
	at org.testng.SuiteRunnerWorker.runSuite(SuiteRunnerWorker.java:52)
	at org.testng.SuiteRunnerWorker.run(SuiteRunnerWorker.java:86)
	at org.testng.TestNG.runSuitesSequentially(TestNG.java:1244)
	at org.testng.TestNG.runSuitesLocally(TestNG.java:1169)
	at org.testng.TestNG.run(TestNG.java:1064)
	at org.testng.remote.RemoteTestNG.run(RemoteTestNG.java:113)
	at org.testng.remote.RemoteTestNG.initAndRun(RemoteTestNG.java:206)
	at org.testng.remote.RemoteTestNG.main(RemoteTestNG.java:177)
]]>
            </full-stacktrace>
          </exception> <!-- org.openqa.selenium.NoSuchElementException -->
          <reporter-output>
          </reporter-output>
        </test-method> <!-- loginTest -->
        <test-method status="PASS" signature="endTest(org.testng.ITestResult)[pri:0, instance:testScenarios.HappyEndToEndScenariosTest@43a25848]" name="endTest" is-config="true" duration-ms="1666" started-at="2020-09-09T10:13:42Z" finished-at="2020-09-09T10:13:44Z">
          <params>
            <param index="0">
              <value>
                <![CDATA[[TestResult name=loginTest status=FAILURE method=HappyEndToEndScenariosTest.loginTest()[pri:2, instance:testScenarios.HappyEndToEndScenariosTest@43a25848] output={null}]]]>
              </value>
            </param>
          </params>
          <reporter-output>
          </reporter-output>
        </test-method> <!-- endTest -->
        <test-method status="PASS" signature="loadWebsite()[pri:0, instance:testScenarios.HappyEndToEndScenariosTest@43a25848]" name="loadWebsite" is-config="true" duration-ms="5799" started-at="2020-09-09T10:13:44Z" finished-at="2020-09-09T10:13:50Z">
          <reporter-output>
          </reporter-output>
        </test-method> <!-- loadWebsite -->
        <test-method status="PASS" signature="ViewReportTest()[pri:3, instance:testScenarios.HappyEndToEndScenariosTest@43a25848]" name="ViewReportTest" duration-ms="9478" started-at="2020-09-09T10:13:50Z" finished-at="2020-09-09T10:13:59Z">
          <reporter-output>
          </reporter-output>
        </test-method> <!-- ViewReportTest -->
        <test-method status="PASS" signature="endTest(org.testng.ITestResult)[pri:0, instance:testScenarios.HappyEndToEndScenariosTest@43a25848]" name="endTest" is-config="true" duration-ms="564" started-at="2020-09-09T10:13:59Z" finished-at="2020-09-09T10:14:00Z">
          <params>
            <param index="0">
              <value>
                <![CDATA[[TestResult name=ViewReportTest status=SUCCESS method=HappyEndToEndScenariosTest.ViewReportTest()[pri:3, instance:testScenarios.HappyEndToEndScenariosTest@43a25848] output={null}]]]>
              </value>
            </param>
          </params>
          <reporter-output>
          </reporter-output>
        </test-method> <!-- endTest -->
        <test-method status="PASS" signature="loadWebsite()[pri:0, instance:testScenarios.HappyEndToEndScenariosTest@43a25848]" name="loadWebsite" is-config="true" duration-ms="5911" started-at="2020-09-09T10:14:00Z" finished-at="2020-09-09T10:14:06Z">
          <reporter-output>
          </reporter-output>
        </test-method> <!-- loadWebsite -->
        <test-method status="PASS" signature="AboutUsSectionTest()[pri:4, instance:testScenarios.HappyEndToEndScenariosTest@43a25848]" name="AboutUsSectionTest" duration-ms="1303" started-at="2020-09-09T10:14:06Z" finished-at="2020-09-09T10:14:07Z">
          <reporter-output>
          </reporter-output>
        </test-method> <!-- AboutUsSectionTest -->
        <test-method status="PASS" signature="endTest(org.testng.ITestResult)[pri:0, instance:testScenarios.HappyEndToEndScenariosTest@43a25848]" name="endTest" is-config="true" duration-ms="4252" started-at="2020-09-09T10:14:07Z" finished-at="2020-09-09T10:14:11Z">
          <params>
            <param index="0">
              <value>
                <![CDATA[[TestResult name=AboutUsSectionTest status=SUCCESS method=HappyEndToEndScenariosTest.AboutUsSectionTest()[pri:4, instance:testScenarios.HappyEndToEndScenariosTest@43a25848] output={null}]]]>
              </value>
            </param>
          </params>
          <reporter-output>
          </reporter-output>
        </test-method> <!-- endTest -->
      </class> <!-- testScenarios.HappyEndToEndScenariosTest -->
    </test> <!-- Test -->
  </suite> <!-- Suite -->
</testng-results>
